mode: set
github.com/goodhosts/hostsfile/hosts.go:25.33,28.69 2 1
github.com/goodhosts/hostsfile/hosts.go:28.69,30.3 1 1
github.com/goodhosts/hostsfile/hosts.go:32.2,32.40 1 1
github.com/goodhosts/hostsfile/hosts.go:36.61,43.37 2 1
github.com/goodhosts/hostsfile/hosts.go:43.37,45.3 1 1
github.com/goodhosts/hostsfile/hosts.go:47.2,47.19 1 1
github.com/goodhosts/hostsfile/hosts.go:51.33,53.31 2 1
github.com/goodhosts/hostsfile/hosts.go:53.31,54.72 1 1
github.com/goodhosts/hostsfile/hosts.go:54.72,57.4 1 0
github.com/goodhosts/hostsfile/hosts.go:59.2,59.21 1 1
github.com/goodhosts/hostsfile/hosts.go:63.50,67.21 4 1
github.com/goodhosts/hostsfile/hosts.go:67.21,69.3 1 1
github.com/goodhosts/hostsfile/hosts.go:70.2,70.22 1 1
github.com/goodhosts/hostsfile/hosts.go:74.35,76.16 2 1
github.com/goodhosts/hostsfile/hosts.go:76.16,78.3 1 1
github.com/goodhosts/hostsfile/hosts.go:79.2,80.13 2 1
github.com/goodhosts/hostsfile/hosts.go:84.30,86.16 2 1
github.com/goodhosts/hostsfile/hosts.go:86.16,88.3 1 1
github.com/goodhosts/hostsfile/hosts.go:89.2,94.21 4 1
github.com/goodhosts/hostsfile/hosts.go:94.21,96.3 1 1
github.com/goodhosts/hostsfile/hosts.go:98.2,98.22 1 1
github.com/goodhosts/hostsfile/hosts.go:102.31,103.37 1 1
github.com/goodhosts/hostsfile/hosts.go:103.37,105.3 1 0
github.com/goodhosts/hostsfile/hosts.go:107.2,108.16 2 1
github.com/goodhosts/hostsfile/hosts.go:108.16,110.3 1 1
github.com/goodhosts/hostsfile/hosts.go:111.2,114.31 3 1
github.com/goodhosts/hostsfile/hosts.go:114.31,115.70 1 1
github.com/goodhosts/hostsfile/hosts.go:115.70,117.4 1 0
github.com/goodhosts/hostsfile/hosts.go:120.2,120.34 1 1
github.com/goodhosts/hostsfile/hosts.go:120.34,122.3 1 0
github.com/goodhosts/hostsfile/hosts.go:124.2,124.38 1 1
github.com/goodhosts/hostsfile/hosts.go:124.38,126.3 1 0
github.com/goodhosts/hostsfile/hosts.go:128.2,128.17 1 1
github.com/goodhosts/hostsfile/hosts.go:132.45,133.24 1 1
github.com/goodhosts/hostsfile/hosts.go:133.24,135.47 2 1
github.com/goodhosts/hostsfile/hosts.go:135.47,137.4 1 0
github.com/goodhosts/hostsfile/hosts.go:139.3,139.33 1 1
github.com/goodhosts/hostsfile/hosts.go:139.33,140.36 1 1
github.com/goodhosts/hostsfile/hosts.go:140.36,142.5 1 0
github.com/goodhosts/hostsfile/hosts.go:144.3,144.16 1 1
github.com/goodhosts/hostsfile/hosts.go:147.2,147.12 1 1
github.com/goodhosts/hostsfile/hosts.go:151.55,152.28 1 1
github.com/goodhosts/hostsfile/hosts.go:152.28,154.3 1 0
github.com/goodhosts/hostsfile/hosts.go:157.2,157.29 1 1
github.com/goodhosts/hostsfile/hosts.go:157.29,158.39 1 1
github.com/goodhosts/hostsfile/hosts.go:158.39,159.27 1 1
github.com/goodhosts/hostsfile/hosts.go:159.27,160.13 1 1
github.com/goodhosts/hostsfile/hosts.go:163.4,163.56 1 1
github.com/goodhosts/hostsfile/hosts.go:163.56,165.5 1 1
github.com/goodhosts/hostsfile/hosts.go:169.2,170.24 2 1
github.com/goodhosts/hostsfile/hosts.go:170.24,176.3 1 1
github.com/goodhosts/hostsfile/hosts.go:176.8,179.33 2 1
github.com/goodhosts/hostsfile/hosts.go:179.33,180.26 1 1
github.com/goodhosts/hostsfile/hosts.go:180.26,182.13 1 1
github.com/goodhosts/hostsfile/hosts.go:185.4,185.39 1 1
github.com/goodhosts/hostsfile/hosts.go:185.39,187.5 1 1
github.com/goodhosts/hostsfile/hosts.go:188.4,188.45 1 1
github.com/goodhosts/hostsfile/hosts.go:188.45,189.13 1 0
github.com/goodhosts/hostsfile/hosts.go:192.4,193.37 2 1
github.com/goodhosts/hostsfile/hosts.go:195.3,196.58 2 1
github.com/goodhosts/hostsfile/hosts.go:199.2,199.12 1 1
github.com/goodhosts/hostsfile/hosts.go:202.25,206.2 3 1
github.com/goodhosts/hostsfile/hosts.go:209.25,215.2 5 1
github.com/goodhosts/hostsfile/hosts.go:218.50,221.28 3 1
github.com/goodhosts/hostsfile/hosts.go:221.28,222.35 1 1
github.com/goodhosts/hostsfile/hosts.go:222.35,225.4 1 1
github.com/goodhosts/hostsfile/hosts.go:228.2,228.14 1 1
github.com/goodhosts/hostsfile/hosts.go:232.47,234.2 1 1
github.com/goodhosts/hostsfile/hosts.go:237.39,239.2 1 0
github.com/goodhosts/hostsfile/hosts.go:242.39,244.2 1 1
github.com/goodhosts/hostsfile/hosts.go:248.58,249.28 1 1
github.com/goodhosts/hostsfile/hosts.go:249.28,251.3 1 1
github.com/goodhosts/hostsfile/hosts.go:253.2,253.21 1 1
github.com/goodhosts/hostsfile/hosts.go:253.21,255.3 1 1
github.com/goodhosts/hostsfile/hosts.go:257.2,261.29 4 1
github.com/goodhosts/hostsfile/hosts.go:261.29,263.20 1 1
github.com/goodhosts/hostsfile/hosts.go:263.20,265.12 2 1
github.com/goodhosts/hostsfile/hosts.go:268.3,269.40 2 1
github.com/goodhosts/hostsfile/hosts.go:269.40,270.44 1 1
github.com/goodhosts/hostsfile/hosts.go:270.44,272.5 1 1
github.com/goodhosts/hostsfile/hosts.go:276.3,276.25 1 1
github.com/goodhosts/hostsfile/hosts.go:276.25,277.12 1 1
github.com/goodhosts/hostsfile/hosts.go:281.3,284.18 3 1
github.com/goodhosts/hostsfile/hosts.go:287.2,287.12 1 1
github.com/goodhosts/hostsfile/hosts.go:291.53,293.14 2 1
github.com/goodhosts/hostsfile/hosts.go:293.14,295.39 2 1
github.com/goodhosts/hostsfile/hosts.go:295.39,297.27 2 1
github.com/goodhosts/hostsfile/hosts.go:297.27,300.5 2 1
github.com/goodhosts/hostsfile/hosts.go:301.4,305.28 2 1
github.com/goodhosts/hostsfile/hosts.go:305.28,312.10 3 1
github.com/goodhosts/hostsfile/hosts.go:317.2,318.12 2 1
github.com/goodhosts/hostsfile/hosts.go:321.39,323.24 2 1
github.com/goodhosts/hostsfile/hosts.go:323.24,325.3 1 1
github.com/goodhosts/hostsfile/hosts.go:330.45,333.2 2 1
github.com/goodhosts/hostsfile/hosts.go:336.38,338.2 1 0
github.com/goodhosts/hostsfile/hosts.go:341.39,343.31 2 1
github.com/goodhosts/hostsfile/hosts.go:343.31,344.20 1 1
github.com/goodhosts/hostsfile/hosts.go:344.20,345.12 1 0
github.com/goodhosts/hostsfile/hosts.go:347.3,347.21 1 1
github.com/goodhosts/hostsfile/hosts.go:349.2,349.33 1 1
github.com/goodhosts/hostsfile/hosts.go:349.33,350.16 1 1
github.com/goodhosts/hostsfile/hosts.go:350.16,353.4 1 1
github.com/goodhosts/hostsfile/hosts.go:357.38,367.29 5 1
github.com/goodhosts/hostsfile/hosts.go:367.29,368.20 1 1
github.com/goodhosts/hostsfile/hosts.go:368.20,371.12 2 1
github.com/goodhosts/hostsfile/hosts.go:374.3,374.18 1 0
github.com/goodhosts/hostsfile/hosts.go:378.2,379.20 2 1
github.com/goodhosts/hostsfile/hosts.go:383.40,384.27 1 1
github.com/goodhosts/hostsfile/hosts.go:384.27,385.31 1 1
github.com/goodhosts/hostsfile/hosts.go:385.31,386.12 1 0
github.com/goodhosts/hostsfile/hosts.go:388.3,389.43 2 1
github.com/goodhosts/hostsfile/hosts.go:389.43,391.4 1 1
github.com/goodhosts/hostsfile/hosts.go:396.29,397.27 1 1
github.com/goodhosts/hostsfile/hosts.go:397.27,399.3 1 1
github.com/goodhosts/hostsfile/hosts.go:403.28,405.2 1 0
github.com/goodhosts/hostsfile/hosts.go:408.27,412.28 3 1
github.com/goodhosts/hostsfile/hosts.go:412.28,413.33 1 1
github.com/goodhosts/hostsfile/hosts.go:413.33,416.4 2 1
github.com/goodhosts/hostsfile/hosts.go:420.2,420.44 1 1
github.com/goodhosts/hostsfile/hosts.go:420.44,422.3 1 0
github.com/goodhosts/hostsfile/hosts.go:425.2,431.26 4 1
github.com/goodhosts/hostsfile/hosts.go:431.26,432.17 1 1
github.com/goodhosts/hostsfile/hosts.go:432.17,434.4 1 0
github.com/goodhosts/hostsfile/hosts.go:438.2,438.31 1 1
github.com/goodhosts/hostsfile/hosts.go:438.31,439.27 1 1
github.com/goodhosts/hostsfile/hosts.go:439.27,440.27 1 1
github.com/goodhosts/hostsfile/hosts.go:440.27,442.5 1 1
github.com/goodhosts/hostsfile/hosts.go:448.41,449.16 1 1
github.com/goodhosts/hostsfile/hosts.go:449.16,451.3 1 0
github.com/goodhosts/hostsfile/hosts.go:454.2,460.30 4 1
github.com/goodhosts/hostsfile/hosts.go:460.30,461.31 1 1
github.com/goodhosts/hostsfile/hosts.go:461.31,462.36 1 1
github.com/goodhosts/hostsfile/hosts.go:462.36,464.5 1 1
github.com/goodhosts/hostsfile/hosts.go:465.4,467.12 3 1
github.com/goodhosts/hostsfile/hosts.go:471.3,471.62 1 1
github.com/goodhosts/hostsfile/hosts.go:471.62,474.21 3 1
github.com/goodhosts/hostsfile/hosts.go:474.21,476.5 1 1
github.com/goodhosts/hostsfile/hosts.go:478.4,478.36 1 1
github.com/goodhosts/hostsfile/hosts.go:478.36,480.5 1 1
github.com/goodhosts/hostsfile/hosts.go:481.4,485.39 4 1
github.com/goodhosts/hostsfile/hosts.go:491.41,493.22 2 1
github.com/goodhosts/hostsfile/hosts.go:493.22,495.3 1 1
github.com/goodhosts/hostsfile/hosts.go:496.2,498.34 3 1
github.com/goodhosts/hostsfile/hosts.go:498.34,500.3 1 1
github.com/goodhosts/hostsfile/hosts.go:504.43,505.35 1 1
github.com/goodhosts/hostsfile/hosts.go:505.35,508.3 2 1
github.com/goodhosts/hostsfile/hosts.go:509.2,510.13 2 1
github.com/goodhosts/hostsfile/hosts.go:515.27,524.33 7 1
github.com/goodhosts/hostsfile/hosts.go:524.33,526.35 2 1
github.com/goodhosts/hostsfile/hosts.go:526.35,528.4 1 1
github.com/goodhosts/hostsfile/hostsline.go:21.41,24.25 2 1
github.com/goodhosts/hostsfile/hostsline.go:24.25,28.3 3 1
github.com/goodhosts/hostsfile/hostsline.go:30.2,30.24 1 1
github.com/goodhosts/hostsfile/hostsline.go:30.24,32.3 1 1
github.com/goodhosts/hostsfile/hostsline.go:34.2,35.22 2 1
github.com/goodhosts/hostsfile/hostsline.go:35.22,37.3 1 1
github.com/goodhosts/hostsfile/hostsline.go:39.2,40.31 2 1
github.com/goodhosts/hostsfile/hostsline.go:40.31,42.3 1 1
github.com/goodhosts/hostsfile/hostsline.go:44.2,47.15 3 1
github.com/goodhosts/hostsfile/hostsline.go:50.36,52.19 2 1
github.com/goodhosts/hostsfile/hostsline.go:52.19,54.3 1 1
github.com/goodhosts/hostsfile/hostsline.go:56.2,56.21 1 1
github.com/goodhosts/hostsfile/hostsline.go:56.21,58.3 1 1
github.com/goodhosts/hostsfile/hostsline.go:60.2,60.74 1 1
github.com/goodhosts/hostsfile/hostsline.go:64.44,70.29 5 1
github.com/goodhosts/hostsfile/hostsline.go:70.29,71.33 1 1
github.com/goodhosts/hostsfile/hostsline.go:71.33,74.4 2 1
github.com/goodhosts/hostsfile/hostsline.go:77.2,77.14 1 1
github.com/goodhosts/hostsfile/hostsline.go:80.49,82.21 2 1
github.com/goodhosts/hostsfile/hostsline.go:82.21,84.3 1 1
github.com/goodhosts/hostsfile/hostsline.go:84.8,86.3 1 1
github.com/goodhosts/hostsfile/hostsline.go:87.2,87.14 1 1
github.com/goodhosts/hostsfile/hostsline.go:90.33,93.2 2 1
github.com/goodhosts/hostsfile/hostsline.go:95.38,97.2 1 1
github.com/goodhosts/hostsfile/hostsline.go:99.39,101.2 1 1
github.com/goodhosts/hostsfile/hostsline.go:103.36,105.2 1 1
github.com/goodhosts/hostsfile/hostsline.go:107.40,109.2 1 1
github.com/goodhosts/hostsfile/hostsline.go:111.32,113.2 1 1
github.com/goodhosts/hostsfile/lookup.go:5.25,7.2 1 1
github.com/goodhosts/hostsfile/lookup.go:15.44,19.2 3 1
github.com/goodhosts/hostsfile/lookup.go:21.47,26.2 3 1
github.com/goodhosts/hostsfile/lookup.go:28.41,31.28 3 1
github.com/goodhosts/hostsfile/lookup.go:31.28,33.3 1 1
github.com/goodhosts/hostsfile/lookup.go:35.2,35.16 1 1
github.com/goodhosts/hostsfile/lookup.go:38.27,42.2 3 1
github.com/goodhosts/hostsfile/os_windows.go:9.34,13.2 2 1
github.com/goodhosts/hostsfile/os_windows.go:15.35,15.49 1 1
github.com/goodhosts/hostsfile/slice.go:3.57,4.25 1 1
github.com/goodhosts/hostsfile/slice.go:4.25,5.16 1 1
github.com/goodhosts/hostsfile/slice.go:5.16,7.4 1 1
github.com/goodhosts/hostsfile/slice.go:9.2,9.14 1 1
github.com/goodhosts/hostsfile/slice.go:12.48,13.25 1 1
github.com/goodhosts/hostsfile/slice.go:13.25,14.16 1 1
github.com/goodhosts/hostsfile/slice.go:14.16,16.4 1 1
github.com/goodhosts/hostsfile/slice.go:18.2,18.14 1 1
github.com/goodhosts/hostsfile/slice.go:21.63,23.15 2 1
github.com/goodhosts/hostsfile/slice.go:23.15,26.3 2 1
github.com/goodhosts/hostsfile/slice.go:27.2,27.14 1 1
github.com/goodhosts/hostsfile/slice.go:30.62,31.30 1 1
github.com/goodhosts/hostsfile/slice.go:31.30,32.13 1 1
github.com/goodhosts/hostsfile/slice.go:32.13,34.4 1 1
github.com/goodhosts/hostsfile/slice.go:36.2,36.11 1 1
github.com/goodhosts/hostsfile/slice.go:39.51,41.15 2 1
github.com/goodhosts/hostsfile/slice.go:41.15,44.3 2 1
github.com/goodhosts/hostsfile/slice.go:45.2,45.14 1 1
github.com/goodhosts/hostsfile/slice.go:48.54,50.14 2 1
github.com/goodhosts/hostsfile/slice.go:50.14,52.3 1 1
github.com/goodhosts/hostsfile/slice.go:53.2,53.14 1 1
github.com/goodhosts/hostsfile/slice.go:56.53,57.30 1 1
github.com/goodhosts/hostsfile/slice.go:57.30,58.13 1 1
github.com/goodhosts/hostsfile/slice.go:58.13,60.4 1 1
github.com/goodhosts/hostsfile/slice.go:62.2,62.11 1 1
